{
  "RSpec": {
    "coverage": {
      "/Users/chrisyoung/Projects/hecks/examples/pizaz_hexagon/spec/hexagon_helper.rb": [
        1,
        1,
        1,
        null,
        1,
        1,
        1,
        null,
        null
      ],
      "/Users/chrisyoung/Projects/hecks/examples/pizaz_hexagon/lib/pizaz_hexagon.rb": [
        1,
        1,
        1,
        null,
        1,
        1,
        null,
        1,
        1,
        null,
        1,
        null,
        1
      ],
      "/Users/chrisyoung/Projects/hecks/examples/pizaz_hexagon/lib/command_name.rb": [
        1,
        1,
        1,
        2,
        null,
        null,
        1,
        0,
        null,
        null,
        1,
        0,
        null,
        null,
        1,
        null,
        null,
        null,
        null,
        2,
        null,
        null,
        1,
        null,
        1,
        0,
        null,
        null,
        null
      ],
      "/Users/chrisyoung/Projects/hecks/examples/pizaz_hexagon/lib/domain/lib/domain.rb": [
        1,
        1,
        1,
        null,
        0,
        0,
        0,
        1,
        null,
        null,
        1,
        0,
        0,
        null,
        null,
        null,
        1,
        0,
        null,
        null,
        1,
        0,
        null,
        null,
        1,
        null,
        0,
        0,
        null,
        null,
        0,
        null,
        null,
        null,
        null,
        2
      ],
      "/Users/chrisyoung/Projects/hecks/examples/pizaz_hexagon/lib/ports/events/base.rb": [
        1
      ],
      "/Users/chrisyoung/Projects/hecks/examples/pizaz_hexagon/lib/ports/events/events.rb": [
        1,
        1,
        1,
        1,
        1,
        null,
        null,
        1,
        1,
        1,
        1,
        1,
        null,
        null,
        null,
        1,
        null,
        1,
        null,
        1,
        2,
        null,
        null,
        null,
        null
      ],
      "/Users/chrisyoung/Projects/hecks/examples/pizaz_hexagon/lib/ports/app/base.rb": [
        1,
        1
      ],
      "/Users/chrisyoung/Projects/hecks/examples/pizaz_hexagon/lib/ports/app/app.rb": [
        null,
        null,
        null,
        null,
        null,
        null,
        null,
        1,
        1,
        1,
        0,
        0,
        0,
        null,
        null,
        1,
        0,
        0,
        0,
        null,
        0,
        0,
        0,
        0,
        0,
        null,
        null,
        1,
        0,
        0,
        null,
        null,
        null,
        0,
        null,
        null,
        1,
        null,
        1,
        null,
        1,
        0,
        null,
        null,
        1,
        0,
        null,
        null,
        1,
        0,
        null,
        null,
        1,
        0,
        null,
        null,
        null
      ],
      "/Users/chrisyoung/Projects/hecks/examples/pizaz_hexagon/lib/ports/app/validations.rb": [
        1,
        1,
        1,
        1,
        1,
        null,
        1,
        0,
        0,
        null,
        null,
        1,
        0,
        0,
        null,
        null,
        1,
        null,
        1,
        null,
        1,
        0,
        null,
        null,
        null,
        null,
        null
      ],
      "/Users/chrisyoung/Projects/hecks/examples/pizaz_hexagon/lib/adapters/databases/memory.rb": [
        1,
        1,
        1,
        1,
        1,
        1,
        null,
        null,
        1,
        0,
        null,
        null,
        1,
        1,
        0,
        null,
        null,
        null,
        null,
        null,
        null
      ],
      "/Users/chrisyoung/Projects/hecks/examples/pizaz_hexagon/lib/schemas/base.rb": [
        1,
        1,
        1,
        null,
        null,
        0,
        null,
        null,
        null
      ],
      "/Users/chrisyoung/Projects/hecks/examples/pizaz_hexagon/spec/lib/adapters/databases/memory_spec.rb": [
        1,
        null,
        null
      ],
      "/Users/chrisyoung/Projects/hecks/examples/pizaz_hexagon/spec/lib/command_name_spec.rb": [
        1,
        1,
        null,
        1,
        null,
        1,
        1,
        null,
        null,
        1,
        1,
        null,
        null,
        1,
        1,
        null,
        null
      ],
      "/Users/chrisyoung/Projects/hecks/examples/pizaz_hexagon/spec/lib/domain/lib/domain_spec.rb": [
        1,
        null,
        null
      ],
      "/Users/chrisyoung/Projects/hecks/examples/pizaz_hexagon/spec/lib/ports/app/validations_spec.rb": [
        1,
        null,
        null
      ],
      "/Users/chrisyoung/Projects/hecks/examples/pizaz_hexagon/spec/lib/ports/events/events_spec.rb": [
        1,
        1,
        null,
        null,
        null,
        1,
        1,
        null,
        null,
        null,
        1,
        2,
        2,
        2,
        null,
        1,
        1,
        1,
        1,
        null,
        null,
        null
      ]
    },
    "timestamp": 1473861710
  }
}
