{
  "RSpec": {
    "coverage": {
      "/Users/chrisyoung/Projects/hecks/examples/pizzas/domain/spec/lib/domain/pizzas/pizza_spec.rb": [
        1,
        null,
        1,
        1,
        1,
        null,
        5,
        5,
        5,
        5,
        null,
        1,
        null,
        null
      ],
      "/Users/chrisyoung/Projects/hecks/examples/pizzas/domain/spec/lib/domain/pizzas/pizza_behavior.rb": [
        null,
        1,
        1,
        1,
        4,
        null,
        null,
        1,
        2,
        null,
        null,
        1,
        2,
        null,
        null,
        1,
        2,
        null,
        null,
        1,
        2,
        null,
        null,
        null
      ],
      "/Users/chrisyoung/Projects/hecks/examples/pizzas/domain/spec/lib/domain/pizzas/queries/query_spec.rb": [
        1,
        1,
        2,
        null,
        1,
        null,
        null,
        null,
        null,
        null,
        1,
        null,
        null,
        2,
        null,
        1,
        1,
        1,
        1,
        1,
        null,
        null,
        null,
        null,
        null
      ],
      "/Users/chrisyoung/Projects/hecks/examples/pizzas/domain/spec/lib/domain/pizzas/repository_spec.rb": [
        1,
        1,
        1,
        null,
        null
      ],
      "/Users/chrisyoung/Projects/hecks/examples/pizzas/domain/spec/lib/domain/pizzas/use_cases/create_spec.rb": [
        1,
        1,
        1,
        1,
        1,
        1,
        null,
        null,
        null,
        null,
        null,
        null,
        null,
        1,
        1,
        1,
        null,
        null,
        null,
        null,
        null
      ],
      "/Users/chrisyoung/Projects/hecks/examples/pizzas/domain/spec/lib/domain/pizzas/use_cases/delete_spec.rb": [
        1,
        1,
        1,
        1,
        1,
        2,
        null,
        1,
        null,
        null,
        null,
        null,
        null,
        1,
        null,
        null,
        1,
        1,
        null,
        null,
        1,
        1,
        1,
        1,
        null,
        null,
        null,
        null,
        null,
        null
      ],
      "/Users/chrisyoung/Projects/hecks/examples/pizzas/domain/spec/lib/domain/pizzas/use_cases/update_spec.rb": [
        1,
        1,
        1,
        1,
        1,
        2,
        null,
        1,
        null,
        null,
        null,
        null,
        null,
        1,
        null,
        null,
        2,
        null,
        1,
        1,
        null,
        null,
        null,
        null,
        null,
        1,
        1,
        1,
        1,
        null,
        null,
        null,
        null,
        null,
        null
      ]
    },
    "timestamp": 1472601283
  }
}
