{
  "RSpec": {
    "coverage": {
      "/Users/chrisyoung/Projects/hecks/examples/pizzas_hexagon/spec/hexagon_helper.rb": [
        1,
        1,
        1,
        null,
        1,
        1,
        9,
        null,
        null
      ],
      "/Users/chrisyoung/Projects/hecks/examples/pizzas_hexagon/lib/pizzas_hexagon.rb": [
        1,
        1,
        1,
        null,
        1,
        1,
        null,
        1,
        1,
        null,
        3,
        null,
        1
      ],
      "/Users/chrisyoung/Projects/hecks/examples/pizzas_hexagon/lib/command_name.rb": [
        1,
        1,
        1,
        18,
        null,
        null,
        1,
        8,
        null,
        null,
        1,
        8,
        null,
        null,
        1,
        null,
        null,
        null,
        null,
        18,
        null,
        null,
        1,
        null,
        1,
        16,
        null,
        null,
        null
      ],
      "/Users/chrisyoung/Projects/hecks/examples/pizzas_hexagon/lib/domain/lib/domain.rb": [
        1,
        1,
        1,
        null,
        24,
        24,
        24,
        24,
        null,
        null,
        1,
        1,
        1,
        null,
        null,
        null,
        1,
        2,
        null,
        null,
        1,
        16,
        null,
        null,
        1,
        null,
        18,
        50,
        null,
        null,
        18,
        null,
        null,
        null,
        null,
        13
      ],
      "/Users/chrisyoung/Projects/hecks/examples/pizzas_hexagon/lib/domain/lib/%aggregate_name%/commands/create.rb": [
        1,
        1,
        1,
        1,
        1,
        1,
        null,
        1,
        0,
        0,
        null,
        0,
        0,
        null,
        null,
        1,
        0,
        0,
        null,
        null,
        1,
        0,
        0,
        0,
        null,
        null,
        1,
        0,
        null,
        null,
        1,
        0,
        null,
        null,
        1,
        null,
        1,
        null,
        1,
        0,
        0,
        null,
        null,
        1,
        0,
        0,
        null,
        null,
        null,
        null,
        null,
        null
      ],
      "/Users/chrisyoung/Projects/hecks/examples/pizzas_hexagon/lib/domain/lib/%aggregate_name%/commands/delete.rb": [
        1,
        1,
        1,
        1,
        1,
        1,
        null,
        1,
        0,
        0,
        0,
        0,
        null,
        null,
        1,
        0,
        0,
        0,
        null,
        null,
        1,
        0,
        null,
        null,
        1,
        0,
        0,
        null,
        null,
        1,
        0,
        null,
        null,
        1,
        null,
        1,
        null,
        1,
        0,
        0,
        null,
        null,
        1,
        0,
        0,
        null,
        null,
        null,
        null,
        null,
        null
      ],
      "/Users/chrisyoung/Projects/hecks/examples/pizzas_hexagon/lib/domain/lib/%aggregate_name%/commands/update.rb": [
        1,
        1,
        1,
        1,
        1,
        1,
        null,
        1,
        0,
        0,
        0,
        0,
        0,
        null,
        null,
        1,
        0,
        0,
        null,
        null,
        1,
        0,
        null,
        null,
        1,
        0,
        0,
        0,
        null,
        null,
        1,
        0,
        null,
        null,
        1,
        null,
        1,
        null,
        1,
        0,
        0,
        null,
        null,
        1,
        0,
        0,
        null,
        null,
        null,
        null,
        null,
        null
      ],
      "/Users/chrisyoung/Projects/hecks/examples/pizzas_hexagon/lib/domain/lib/%aggregate_name%/queries/find_by_id.rb": [
        1,
        1,
        1,
        1,
        1,
        1,
        0,
        null,
        null,
        1,
        0,
        0,
        null,
        null,
        null,
        null,
        null,
        null
      ],
      "/Users/chrisyoung/Projects/hecks/examples/pizzas_hexagon/lib/domain/lib/pizzas/commands/create.rb": [
        1,
        1,
        1,
        1,
        1,
        1,
        null,
        1,
        8,
        8,
        null,
        8,
        8,
        null,
        null,
        1,
        4,
        0,
        null,
        null,
        1,
        4,
        4,
        4,
        null,
        null,
        1,
        1,
        null,
        null,
        1,
        8,
        null,
        null,
        1,
        null,
        1,
        null,
        1,
        4,
        4,
        null,
        null,
        1,
        4,
        4,
        null,
        null,
        null,
        null,
        null,
        null
      ],
      "/Users/chrisyoung/Projects/hecks/examples/pizzas_hexagon/lib/domain/lib/pizzas/commands/delete.rb": [
        1,
        1,
        1,
        1,
        1,
        1,
        null,
        1,
        6,
        6,
        6,
        6,
        null,
        null,
        1,
        3,
        3,
        3,
        null,
        null,
        1,
        6,
        null,
        null,
        1,
        0,
        0,
        null,
        null,
        1,
        2,
        null,
        null,
        1,
        null,
        1,
        null,
        1,
        3,
        3,
        null,
        null,
        1,
        3,
        3,
        null,
        null,
        null,
        null,
        null,
        null
      ],
      "/Users/chrisyoung/Projects/hecks/examples/pizzas_hexagon/lib/domain/lib/pizzas/commands/update.rb": [
        1,
        1,
        1,
        1,
        1,
        1,
        null,
        1,
        2,
        2,
        2,
        2,
        2,
        null,
        null,
        1,
        1,
        0,
        null,
        null,
        1,
        2,
        null,
        null,
        1,
        1,
        1,
        1,
        null,
        null,
        1,
        1,
        null,
        null,
        1,
        null,
        1,
        null,
        1,
        1,
        1,
        null,
        null,
        1,
        1,
        1,
        null,
        null,
        null,
        null,
        null,
        null
      ],
      "/Users/chrisyoung/Projects/hecks/examples/pizzas_hexagon/lib/domain/lib/pizzas/pizza.rb": [
        1,
        1,
        1,
        null,
        null,
        null,
        null,
        1,
        1,
        1,
        null,
        7,
        null,
        7,
        null,
        7,
        null,
        7,
        null,
        null,
        null,
        1,
        1,
        null,
        null,
        null,
        null,
        null
      ],
      "/Users/chrisyoung/Projects/hecks/examples/pizzas_hexagon/lib/domain/lib/pizzas/queries/find_by_id.rb": [
        1,
        1,
        1,
        1,
        1,
        1,
        2,
        null,
        null,
        1,
        2,
        2,
        null,
        null,
        null,
        null,
        null,
        null
      ],
      "/Users/chrisyoung/Projects/hecks/examples/pizzas_hexagon/lib/domain/lib/pizzas/repository.rb": [
        1,
        1,
        1,
        null,
        null,
        null,
        null,
        null,
        1,
        1,
        1,
        null,
        1,
        4,
        4,
        4,
        null,
        null,
        1,
        1,
        null,
        1,
        0,
        0,
        null,
        null,
        0,
        null,
        null,
        1,
        3,
        null,
        null,
        1,
        3,
        null,
        null,
        1,
        18,
        18,
        null,
        null,
        null,
        null,
        null
      ],
      "/Users/chrisyoung/Projects/hecks/examples/pizzas_hexagon/lib/domain/lib/pizzas/topping.rb": [
        1,
        1,
        1,
        null,
        null,
        null,
        null,
        1,
        1,
        1,
        null,
        0,
        null,
        null,
        null,
        1,
        0,
        null,
        null,
        null,
        null,
        null
      ],
      "/Users/chrisyoung/Projects/hecks/examples/pizzas_hexagon/lib/ports/events/base.rb": [
        1
      ],
      "/Users/chrisyoung/Projects/hecks/examples/pizzas_hexagon/lib/ports/events/events.rb": [
        1,
        1,
        1,
        1,
        7,
        null,
        null,
        1,
        9,
        9,
        1,
        1,
        null,
        null,
        null,
        1,
        null,
        1,
        null,
        1,
        2,
        null,
        null,
        null,
        null
      ],
      "/Users/chrisyoung/Projects/hecks/examples/pizzas_hexagon/lib/ports/app/base.rb": [
        1,
        1
      ],
      "/Users/chrisyoung/Projects/hecks/examples/pizzas_hexagon/lib/ports/app/app.rb": [
        null,
        null,
        null,
        null,
        null,
        null,
        null,
        1,
        1,
        1,
        6,
        6,
        6,
        null,
        null,
        1,
        8,
        8,
        8,
        null,
        8,
        8,
        8,
        8,
        8,
        null,
        null,
        1,
        2,
        2,
        null,
        null,
        null,
        2,
        null,
        null,
        1,
        null,
        1,
        null,
        1,
        8,
        null,
        null,
        1,
        8,
        null,
        null,
        1,
        8,
        null,
        null,
        1,
        8,
        null,
        null,
        null
      ],
      "/Users/chrisyoung/Projects/hecks/examples/pizzas_hexagon/lib/ports/app/validations.rb": [
        1,
        1,
        1,
        1,
        1,
        null,
        1,
        8,
        8,
        null,
        null,
        1,
        8,
        8,
        null,
        null,
        1,
        null,
        1,
        null,
        1,
        8,
        null,
        null,
        null,
        null,
        null
      ],
      "/Users/chrisyoung/Projects/hecks/examples/pizzas_hexagon/lib/adapters/memory_database.rb": [
        1,
        1,
        1,
        1,
        1,
        24,
        null,
        null,
        1,
        2,
        null,
        null,
        1,
        18,
        18,
        null,
        null,
        null,
        null,
        null,
        null
      ],
      "/Users/chrisyoung/Projects/hecks/examples/pizzas_hexagon/lib/adapters/resource_server.rb": [
        1,
        1,
        null,
        1,
        1
      ],
      "/Users/chrisyoung/Projects/hecks/examples/pizzas_hexagon/lib/adapters/resource_server/app.rb": [
        1,
        1,
        1,
        1,
        1,
        0,
        0,
        null,
        null,
        1,
        1,
        0,
        null,
        null,
        null,
        null,
        null,
        1,
        0,
        null,
        null,
        null,
        null,
        null,
        1,
        0,
        null,
        null,
        null,
        null,
        null,
        null,
        1,
        0,
        null,
        null,
        null,
        null,
        null,
        null,
        1,
        null,
        1,
        null,
        null,
        null,
        null
      ],
      "/Users/chrisyoung/Projects/hecks/examples/pizzas_hexagon/lib/adapters/resource_server/methods.rb": [
        1,
        1,
        1,
        1,
        null,
        1,
        1,
        1,
        1,
        1,
        null,
        1,
        0,
        0,
        0,
        0,
        null,
        null,
        null,
        null,
        null
      ],
      "/Users/chrisyoung/Projects/hecks/examples/pizzas_hexagon/lib/adapters/resource_server/methods/create.rb": [
        1,
        1,
        1,
        1,
        1,
        1,
        1,
        null,
        null,
        1,
        1,
        1,
        1,
        1,
        null,
        null,
        1,
        null,
        1,
        null,
        1,
        0,
        0,
        null,
        null,
        1,
        1,
        null,
        null,
        null,
        null,
        null,
        null,
        1,
        1,
        null,
        null,
        null,
        null,
        null,
        null
      ],
      "/Users/chrisyoung/Projects/hecks/examples/pizzas_hexagon/lib/adapters/resource_server/methods/read.rb": [
        1,
        1,
        1,
        1,
        1,
        1,
        1,
        null,
        null,
        1,
        1,
        1,
        1,
        1,
        null,
        null,
        1,
        0,
        0,
        null,
        null,
        null,
        1,
        null,
        1,
        null,
        1,
        1,
        null,
        null,
        null,
        null,
        null,
        null,
        null,
        null,
        null,
        null
      ],
      "/Users/chrisyoung/Projects/hecks/examples/pizzas_hexagon/lib/adapters/resource_server/methods/update.rb": [
        1,
        1,
        1,
        1,
        1,
        1,
        1,
        null,
        null,
        1,
        1,
        1,
        1,
        1,
        1,
        null,
        null,
        1,
        0,
        0,
        null,
        null,
        1,
        null,
        1,
        null,
        1,
        1,
        null,
        null,
        null,
        null,
        null,
        null,
        1,
        1,
        null,
        null,
        null,
        null,
        null,
        null
      ],
      "/Users/chrisyoung/Projects/hecks/examples/pizzas_hexagon/lib/adapters/resource_server/methods/delete.rb": [
        1,
        1,
        1,
        1,
        1,
        1,
        2,
        null,
        null,
        1,
        2,
        2,
        2,
        2,
        null,
        null,
        1,
        0,
        0,
        null,
        null,
        1,
        null,
        1,
        null,
        1,
        2,
        null,
        null,
        null,
        null,
        null,
        null,
        null,
        null,
        null
      ],
      "/Users/chrisyoung/Projects/hecks/examples/pizzas_hexagon/lib/schemas/base.rb": [
        1,
        1,
        1,
        null,
        1,
        1,
        1,
        null,
        null,
        8,
        null,
        null,
        null
      ],
      "/Users/chrisyoung/Projects/hecks/examples/pizzas_hexagon/lib/schemas/pizzas/create.rb": [
        1,
        1,
        1,
        1,
        null,
        null,
        null,
        null,
        null,
        null,
        null
      ],
      "/Users/chrisyoung/Projects/hecks/examples/pizzas_hexagon/lib/schemas/pizzas/update.rb": [
        1,
        1,
        1,
        1,
        null,
        null,
        null,
        null,
        null,
        null,
        null,
        null,
        null,
        null
      ],
      "/Users/chrisyoung/Projects/hecks/examples/pizzas_hexagon/lib/schemas/pizzas/delete.rb": [
        1,
        1,
        1,
        1,
        null,
        null,
        null,
        null,
        null
      ],
      "/Users/chrisyoung/Projects/hecks/examples/pizzas_hexagon/spec/lib/adapters/databases/memory_spec.rb": [
        1,
        null,
        null
      ],
      "/Users/chrisyoung/Projects/hecks/examples/pizzas_hexagon/spec/lib/adapters/resource_server/app_spec.rb": [
        1,
        null,
        1,
        1,
        null,
        null,
        null,
        null,
        0,
        null,
        null,
        1,
        0,
        null,
        null,
        1,
        0,
        0,
        null,
        null,
        1,
        0,
        0,
        null,
        null,
        1,
        0,
        0,
        0,
        null,
        null,
        1,
        0,
        0,
        0,
        null,
        null
      ],
      "/Users/chrisyoung/Projects/hecks/examples/pizzas_hexagon/spec/rack_test_helper.rb": [
        1,
        1,
        null,
        1,
        1,
        1,
        0,
        null,
        null,
        null,
        1,
        1,
        1,
        9,
        null,
        null
      ],
      "/Users/chrisyoung/Projects/hecks/examples/pizzas_hexagon/spec/lib/adapters/resource_server/methods/create_spec.rb": [
        1,
        1,
        null,
        null,
        null,
        null,
        1,
        null,
        null,
        2,
        2,
        null,
        1,
        1,
        1,
        1,
        null,
        null,
        null
      ],
      "/Users/chrisyoung/Projects/hecks/examples/pizzas_hexagon/spec/lib/adapters/resource_server/methods/delete_spec.rb": [
        1,
        3,
        null,
        1,
        null,
        null,
        null,
        null,
        2,
        null,
        null,
        3,
        null,
        1,
        1,
        2,
        null,
        null,
        1,
        1,
        1,
        1,
        null,
        null,
        1,
        1,
        1,
        null,
        null,
        1,
        1,
        1,
        null,
        null,
        null,
        null
      ],
      "/Users/chrisyoung/Projects/hecks/examples/pizzas_hexagon/spec/lib/adapters/resource_server/methods/read_spec.rb": [
        1,
        null,
        2,
        2,
        1,
        null,
        1,
        null,
        null,
        null,
        null,
        1,
        null,
        null,
        1,
        1,
        null,
        null,
        1,
        1,
        1,
        1,
        null,
        null,
        null
      ],
      "/Users/chrisyoung/Projects/hecks/examples/pizzas_hexagon/spec/lib/adapters/resource_server/methods/update_spec.rb": [
        1,
        2,
        2,
        2,
        null,
        1,
        1,
        1,
        null,
        null,
        null
      ],
      "/Users/chrisyoung/Projects/hecks/examples/pizzas_hexagon/spec/lib/adapters/resource_server/methods_spec.rb": [
        1,
        null,
        null
      ],
      "/Users/chrisyoung/Projects/hecks/examples/pizzas_hexagon/spec/lib/command_name_spec.rb": [
        1,
        1,
        null,
        1,
        null,
        1,
        1,
        null,
        null,
        1,
        1,
        null,
        null,
        1,
        1,
        null,
        null
      ],
      "/Users/chrisyoung/Projects/hecks/examples/pizzas_hexagon/spec/lib/domain/lib/domain_spec.rb": [
        1,
        null,
        null
      ],
      "/Users/chrisyoung/Projects/hecks/examples/pizzas_hexagon/spec/lib/domain/lib/pizzas/commands/create_spec.rb": [
        1,
        1,
        1,
        1,
        1,
        0,
        null,
        null,
        1,
        0,
        null,
        null,
        null,
        null,
        null,
        null,
        null,
        null,
        null,
        1,
        0,
        0,
        null,
        null,
        1,
        1,
        0,
        null,
        null,
        1,
        0,
        null,
        null,
        null,
        null,
        null,
        null
      ],
      "/Users/chrisyoung/Projects/hecks/examples/pizzas_hexagon/spec/lib/domain/lib/pizzas/commands/delete_spec.rb": [
        1,
        1,
        1,
        1,
        1,
        1,
        0,
        null,
        null,
        null,
        null,
        null,
        1,
        null,
        null,
        null,
        null,
        0,
        null,
        null,
        1,
        null,
        1,
        0,
        null,
        null,
        1,
        0,
        0,
        0,
        null,
        null,
        null,
        null,
        null,
        null
      ],
      "/Users/chrisyoung/Projects/hecks/examples/pizzas_hexagon/spec/lib/domain/lib/pizzas/commands/update_spec.rb": [
        1,
        1,
        1,
        1,
        1,
        1,
        null,
        1,
        null,
        null,
        null,
        0,
        null,
        null,
        1,
        null,
        1,
        0,
        null,
        null,
        null,
        null,
        null,
        1,
        0,
        0,
        0,
        null,
        null,
        null,
        null,
        null,
        null,
        null,
        null,
        null
      ],
      "/Users/chrisyoung/Projects/hecks/examples/pizzas_hexagon/spec/lib/domain/lib/pizzas/pizza_spec.rb": [
        1,
        null,
        1,
        1,
        1,
        1,
        null,
        null,
        4,
        null,
        4,
        null,
        4,
        null,
        4,
        null,
        null,
        1,
        null,
        null,
        null
      ],
      "/Users/chrisyoung/Projects/hecks/examples/pizzas_hexagon/spec/lib/domain/lib/pizzas/pizza_behavior.rb": [
        null,
        1,
        1,
        1,
        3,
        null,
        null,
        1,
        1,
        null,
        null,
        1,
        2,
        null,
        null,
        1,
        2,
        null,
        null,
        1,
        2,
        null,
        null,
        null
      ],
      "/Users/chrisyoung/Projects/hecks/examples/pizzas_hexagon/spec/lib/domain/lib/pizzas/queries/find_by_id_spec.rb": [
        1,
        1,
        1,
        1,
        1,
        null,
        1,
        null,
        null,
        null,
        0,
        null,
        null,
        1,
        null,
        1,
        1,
        1,
        0,
        0,
        null,
        null,
        null,
        null,
        null,
        null,
        null
      ],
      "/Users/chrisyoung/Projects/hecks/examples/pizzas_hexagon/spec/lib/domain/lib/pizzas/repository_spec.rb": [
        1,
        1,
        1,
        null,
        null
      ],
      "/Users/chrisyoung/Projects/hecks/examples/pizzas_hexagon/spec/lib/domain/lib/pizzas/topping_spec.rb": [
        1,
        null,
        1,
        1,
        1,
        1,
        null,
        null,
        1,
        null,
        null,
        1,
        null,
        null,
        null
      ],
      "/Users/chrisyoung/Projects/hecks/examples/pizzas_hexagon/spec/lib/domain/lib/pizzas/topping_behavior.rb": [
        null,
        1,
        1,
        1,
        0,
        null,
        null,
        null
      ],
      "/Users/chrisyoung/Projects/hecks/examples/pizzas_hexagon/spec/lib/ports/app/validations_spec.rb": [
        1,
        null,
        null
      ],
      "/Users/chrisyoung/Projects/hecks/examples/pizzas_hexagon/spec/lib/ports/events/events_spec.rb": [
        1,
        1,
        null,
        null,
        null,
        1,
        1,
        null,
        null,
        null,
        1,
        2,
        2,
        2,
        null,
        1,
        1,
        1,
        1,
        null,
        null,
        null
      ]
    },
    "timestamp": 1474046060
  }
}
