{
  "RSpec": {
    "coverage": {
      "/Users/chrisyoung/Projects/hecks/spec/hexagon_helper.rb": [
        null,
        null,
        1,
        null,
        1,
        1,
        1,
        null,
        1,
        1,
        null,
        null,
        null
      ],
      "/Users/chrisyoung/Projects/hecks/lib/hecks.rb": [
        null,
        null,
        1,
        1,
        null,
        1,
        1,
        1,
        1,
        1
      ],
      "/Users/chrisyoung/Projects/hecks/lib/domain/domain.rb": [
        1,
        1,
        1
      ],
      "/Users/chrisyoung/Projects/hecks/lib/domain/adapters/adapters.rb": [
        1,
        1
      ],
      "/Users/chrisyoung/Projects/hecks/lib/domain/adapters/sql_database/sql_database.rb": [
        1
      ],
      "/Users/chrisyoung/Projects/hecks/lib/domain/adapters/sql_database/cli/cli.rb": [
        1,
        1,
        1
      ],
      "/Users/chrisyoung/Projects/hecks/lib/domain/adapters/sql_database/cli/generate_domain_migrations.rb": [
        1,
        1,
        1,
        1,
        1,
        1,
        1,
        1,
        null,
        1,
        0,
        null,
        null,
        1,
        0,
        null,
        null,
        1,
        0,
        0,
        null,
        null,
        1,
        null,
        1,
        0,
        null,
        null,
        null,
        null,
        null,
        null,
        null
      ],
      "/Users/chrisyoung/Projects/hecks/lib/domain/adapters/sql_database/cli/generate_sql_database.rb": [
        1,
        1,
        1,
        1,
        1,
        1,
        1,
        null,
        1,
        0,
        null,
        null,
        1,
        0,
        null,
        null,
        1,
        0,
        null,
        null,
        1,
        null,
        1,
        0,
        null,
        null,
        1,
        0,
        null,
        null,
        null,
        null,
        null,
        null,
        null
      ],
      "/Users/chrisyoung/Projects/hecks/lib/domain/adapters/sql_database/cli/migration_builder.rb": [
        1,
        1,
        1,
        1,
        1,
        1,
        1,
        1,
        1,
        null,
        null,
        1,
        1,
        1,
        null,
        null,
        1,
        7,
        null,
        null,
        1,
        0,
        null,
        null,
        1,
        1,
        null,
        null,
        1,
        null,
        1,
        null,
        1,
        7,
        null,
        null,
        1,
        1,
        7,
        7,
        null,
        null,
        null,
        null,
        null,
        null,
        null,
        null,
        null,
        null,
        null
      ],
      "/Users/chrisyoung/Projects/hecks/lib/domain/adapters/resource_server/resource_server.rb": [
        1
      ],
      "/Users/chrisyoung/Projects/hecks/lib/domain/adapters/resource_server/cli/cli.rb": [
        1
      ],
      "/Users/chrisyoung/Projects/hecks/lib/domain/adapters/resource_server/cli/generate_resource_server.rb": [
        1,
        1,
        1,
        1,
        1,
        1,
        1,
        null,
        1,
        0,
        null,
        null,
        1,
        0,
        null,
        null,
        1,
        0,
        null,
        null,
        null,
        null,
        null,
        null,
        null
      ],
      "/Users/chrisyoung/Projects/hecks/lib/domain/domain_builder/domain_builder.rb": [
        1,
        1,
        1,
        1,
        1,
        1,
        1,
        null,
        1,
        1,
        1,
        1,
        null,
        1,
        null,
        1,
        7,
        7,
        7,
        7,
        null,
        null,
        1,
        43,
        null,
        null,
        1,
        8,
        null,
        null,
        null,
        1,
        7,
        null,
        null,
        null,
        null
      ],
      "/Users/chrisyoung/Projects/hecks/lib/domain/domain_builder/attribute.rb": [
        1,
        1,
        1,
        1,
        1,
        1,
        null,
        1,
        93,
        93,
        null,
        null,
        1,
        291,
        null,
        null,
        1,
        253,
        null,
        null,
        1,
        418,
        417,
        null,
        null,
        1,
        107,
        11,
        null,
        null,
        1,
        2,
        2,
        2,
        null,
        null,
        1,
        102,
        null,
        null,
        1,
        98,
        32,
        26,
        null,
        null,
        1,
        167,
        null,
        null,
        1,
        6,
        5,
        4,
        3,
        null,
        null,
        null,
        null,
        null
      ],
      "/Users/chrisyoung/Projects/hecks/lib/domain/domain_builder/domain.rb": [
        1,
        1,
        1,
        1,
        1,
        1,
        9,
        9,
        null,
        null,
        1,
        13,
        13,
        13,
        null,
        null,
        null,
        null,
        null
      ],
      "/Users/chrisyoung/Projects/hecks/lib/domain/domain_builder/domain_module.rb": [
        1,
        1,
        1,
        1,
        1,
        null,
        1,
        17,
        17,
        17,
        null,
        null,
        1,
        50,
        70,
        null,
        null,
        1,
        11,
        null,
        null,
        1,
        2,
        null,
        null,
        null,
        null,
        null
      ],
      "/Users/chrisyoung/Projects/hecks/lib/domain/domain_builder/domain_object.rb": [
        1,
        1,
        1,
        1,
        1,
        null,
        1,
        32,
        null,
        null,
        1,
        83,
        66,
        null,
        null,
        1,
        null,
        78,
        21,
        null,
        null,
        1,
        7,
        13,
        null,
        null,
        null,
        1,
        16,
        null,
        null,
        1,
        null,
        1,
        91,
        91,
        91,
        2,
        null,
        null,
        null,
        null,
        null
      ],
      "/Users/chrisyoung/Projects/hecks/lib/domain/domain_builder/value.rb": [
        1,
        1,
        1,
        1,
        null,
        null,
        null,
        null
      ],
      "/Users/chrisyoung/Projects/hecks/lib/domain/domain_builder/head.rb": [
        1,
        1,
        1,
        1,
        null,
        null,
        null,
        null
      ],
      "/Users/chrisyoung/Projects/hecks/lib/domain/domain_builder/reference.rb": [
        1,
        1,
        1,
        1,
        1,
        4,
        null,
        null,
        1,
        2,
        null,
        null,
        1,
        2,
        null,
        null,
        null,
        null,
        null
      ],
      "/Users/chrisyoung/Projects/hecks/lib/domain/cli/cli.rb": [
        1,
        null,
        1,
        1,
        1,
        1,
        1,
        1
      ],
      "/Users/chrisyoung/Projects/hecks/lib/domain/cli/generate_domain_object.rb": [
        null,
        1,
        1,
        1,
        1,
        1,
        null,
        1,
        1,
        1,
        1,
        1,
        1,
        null,
        1,
        0,
        null,
        null,
        1,
        0,
        null,
        null,
        1,
        null,
        1,
        0,
        null,
        null,
        1,
        0,
        null,
        null,
        1,
        0,
        null,
        null,
        1,
        0,
        null,
        null,
        1,
        0,
        null,
        null,
        1,
        0,
        null,
        null,
        1,
        0,
        null,
        null,
        1,
        0,
        null,
        null,
        1,
        0,
        null,
        null,
        1,
        0,
        null,
        null,
        1,
        0,
        null,
        null,
        null,
        null,
        null
      ],
      "/Users/chrisyoung/Projects/hecks/lib/domain/cli/new.rb": [
        null,
        null,
        1,
        1,
        1,
        1,
        1,
        1,
        null,
        1,
        1,
        null,
        1,
        0,
        null,
        null,
        1,
        0,
        null,
        null,
        null,
        null,
        0,
        null,
        null,
        1,
        0,
        0,
        null,
        null,
        1,
        null,
        1,
        0,
        null,
        null,
        1,
        0,
        null,
        null,
        1,
        0,
        null,
        null,
        1,
        0,
        null,
        null,
        null,
        null,
        null
      ],
      "/Users/chrisyoung/Projects/hecks/lib/domain/cli/builder/builder.rb": [
        1,
        1,
        1
      ],
      "/Users/chrisyoung/Projects/hecks/lib/domain/cli/builder/value_object_command_line_builder.rb": [
        1,
        1,
        1,
        1,
        1,
        1,
        1,
        2,
        3,
        null,
        null,
        null,
        null,
        null,
        null,
        null,
        null,
        null,
        null,
        null,
        null,
        null,
        null
      ],
      "/Users/chrisyoung/Projects/hecks/lib/domain/cli/builder/aggregate_command_line_builder.rb": [
        1,
        1,
        1,
        1,
        1,
        1,
        1,
        2,
        null,
        null,
        null,
        null,
        null,
        null,
        null,
        null,
        null,
        null,
        null,
        null,
        null,
        null
      ],
      "/Users/chrisyoung/Projects/hecks/lib/domain/cli/builder/reference_command_line_builder.rb": [
        1,
        1,
        1,
        1,
        1,
        1,
        1,
        2,
        1,
        null,
        null,
        null,
        null,
        null,
        null,
        null,
        null,
        null,
        null,
        null,
        null,
        null,
        null
      ],
      "/Users/chrisyoung/Projects/hecks/lib/domain/cli/command_builder.rb": [
        null,
        null,
        1,
        1,
        1,
        1,
        1,
        1,
        1,
        1,
        1,
        null,
        null,
        1,
        0,
        0,
        0,
        0,
        0,
        0,
        0,
        0,
        null,
        null,
        1,
        null,
        1,
        null,
        1,
        0,
        null,
        null,
        1,
        0,
        0,
        null,
        null,
        1,
        0,
        null,
        null,
        1,
        0,
        null,
        0,
        null,
        0,
        null,
        0,
        null,
        0,
        null,
        0,
        null,
        null,
        null,
        null,
        null,
        null
      ],
      "/Users/chrisyoung/Projects/hecks/lib/domain/cli/domain_object/assignment_template.rb": [
        1,
        1,
        1,
        1,
        1,
        1,
        3,
        null,
        null,
        1,
        null,
        3,
        3,
        3,
        null,
        null,
        1,
        null,
        1,
        null,
        1,
        3,
        2,
        2,
        1,
        null,
        null,
        1,
        1,
        null,
        null,
        1,
        1,
        null,
        null,
        1,
        1,
        null,
        null,
        null,
        null,
        null,
        null
      ],
      "/Users/chrisyoung/Projects/hecks/lib/domain/cli/domain_object/option_formatter.rb": [
        1,
        1,
        1,
        1,
        1,
        1,
        4,
        8,
        null,
        null,
        null,
        1,
        4,
        null,
        3,
        null,
        3,
        null,
        7,
        null,
        null,
        null,
        1,
        null,
        1,
        4,
        1,
        null,
        3,
        null,
        null,
        null,
        null,
        null,
        null,
        null
      ],
      "/Users/chrisyoung/Projects/hecks/lib/packager/packager.rb": [
        1
      ],
      "/Users/chrisyoung/Projects/hecks/lib/packager/cli/cli.rb": [
        1,
        1
      ],
      "/Users/chrisyoung/Projects/hecks/lib/packager/cli/generate_binary_package.rb": [
        1,
        1,
        1,
        1,
        1,
        null,
        1,
        null,
        1,
        1,
        1,
        1,
        1,
        1,
        1,
        1,
        1,
        1,
        1,
        null,
        1,
        0,
        null,
        null,
        1,
        0,
        0,
        null,
        null,
        1,
        0,
        null,
        null,
        1,
        0,
        0,
        null,
        null,
        1,
        null,
        1,
        0,
        0,
        0,
        0,
        0,
        0,
        0,
        null,
        null,
        1,
        0,
        0,
        0,
        0,
        0,
        null,
        null,
        1,
        0,
        0,
        null,
        null,
        1,
        0,
        0,
        0,
        0,
        0,
        null,
        null,
        1,
        0,
        null,
        null,
        null,
        0,
        0,
        null,
        0,
        0,
        0,
        null,
        0,
        0,
        null,
        0,
        0,
        null,
        0,
        0,
        null,
        null,
        null,
        null,
        null,
        null
      ],
      "/Users/chrisyoung/Projects/hecks/lib/packager/cli/generate_lambda_package.rb": [
        1,
        1,
        1,
        1,
        1,
        null,
        1,
        0,
        null,
        null,
        1,
        0,
        null,
        null,
        1,
        0,
        null,
        null,
        1,
        0,
        0,
        null,
        null,
        null,
        null,
        null
      ],
      "/Users/chrisyoung/Projects/hecks/lib/application/application.rb": [
        null,
        1,
        1,
        null,
        1,
        1,
        1,
        1,
        15,
        15,
        15,
        15,
        15,
        null,
        null,
        1,
        null,
        null,
        null,
        null,
        null,
        22,
        null,
        null,
        1,
        23,
        null,
        null,
        1,
        null,
        null,
        null,
        null,
        null,
        13,
        null,
        null,
        1,
        35,
        9,
        null,
        null,
        null
      ],
      "/Users/chrisyoung/Projects/hecks/lib/application/commands/commands.rb": [
        1,
        1,
        1,
        1,
        1
      ],
      "/Users/chrisyoung/Projects/hecks/lib/application/commands/update.rb": [
        null,
        1,
        1,
        1,
        1,
        1,
        null,
        1,
        3,
        3,
        3,
        3,
        null,
        null,
        1,
        2,
        null,
        null,
        1,
        3,
        3,
        null,
        null,
        1,
        2,
        null,
        null,
        1,
        null,
        1,
        null,
        1,
        3,
        3,
        null,
        null,
        null,
        null,
        null
      ],
      "/Users/chrisyoung/Projects/hecks/lib/application/commands/create.rb": [
        null,
        1,
        1,
        1,
        1,
        1,
        null,
        1,
        20,
        20,
        20,
        20,
        20,
        null,
        null,
        1,
        19,
        19,
        19,
        null,
        null,
        1,
        10,
        null,
        null,
        1,
        12,
        null,
        null,
        1,
        0,
        null,
        null,
        1,
        null,
        1,
        null,
        1,
        19,
        18,
        null,
        null,
        1,
        19,
        19,
        null,
        null,
        null,
        null,
        null
      ],
      "/Users/chrisyoung/Projects/hecks/lib/application/commands/delete.rb": [
        null,
        1,
        1,
        1,
        1,
        1,
        null,
        1,
        3,
        3,
        3,
        null,
        null,
        1,
        3,
        3,
        null,
        null,
        1,
        2,
        null,
        null,
        1,
        2,
        null,
        null,
        1,
        null,
        1,
        null,
        1,
        3,
        3,
        null,
        null,
        null,
        null,
        null
      ],
      "/Users/chrisyoung/Projects/hecks/lib/application/commands/crud_handler.rb": [
        1,
        1,
        null,
        1,
        23,
        23,
        null,
        null,
        1,
        10,
        null,
        null,
        null,
        null,
        null,
        null,
        1,
        9,
        null,
        null,
        null,
        null,
        null,
        null,
        1,
        2,
        null,
        null,
        null,
        null,
        null,
        null,
        1,
        2,
        null,
        null,
        null,
        null,
        null,
        null
      ],
      "/Users/chrisyoung/Projects/hecks/lib/application/commands/runner.rb": [
        1,
        1,
        1,
        1,
        null,
        1,
        22,
        22,
        22,
        22,
        22,
        null,
        null,
        1,
        22,
        22,
        22,
        22,
        null,
        null,
        1,
        null,
        1,
        null,
        1,
        22,
        null,
        null,
        1,
        22,
        null,
        null,
        null,
        null,
        null,
        null,
        1,
        22,
        null,
        null,
        1,
        22,
        null,
        null,
        null,
        null
      ],
      "/Users/chrisyoung/Projects/hecks/lib/application/queries/queries.rb": [
        1,
        1
      ],
      "/Users/chrisyoung/Projects/hecks/lib/application/queries/find_by_id.rb": [
        null,
        1,
        1,
        1,
        1,
        1,
        13,
        null,
        null,
        1,
        13,
        13,
        null,
        null,
        null,
        null,
        null
      ],
      "/Users/chrisyoung/Projects/hecks/lib/application/queries/query_runner.rb": [
        1,
        1,
        1,
        1,
        13,
        13,
        13,
        13,
        null,
        null,
        1,
        13,
        null,
        null,
        1,
        null,
        1,
        13,
        null,
        null,
        1,
        13,
        null,
        null,
        null,
        null
      ],
      "/Users/chrisyoung/Projects/hecks/lib/adapters/adapters.rb": [
        null,
        1,
        1,
        1,
        1,
        1,
        1
      ],
      "/Users/chrisyoung/Projects/hecks/lib/adapters/memory_database/memory_database.rb": [
        null,
        1,
        1,
        1,
        1,
        28,
        null,
        null,
        1,
        27,
        null,
        null,
        1,
        0,
        null,
        null,
        null,
        null
      ],
      "/Users/chrisyoung/Projects/hecks/lib/adapters/resource_server/resource_server.rb": [
        null,
        1,
        1,
        1,
        null,
        1,
        1,
        1,
        1,
        1,
        1,
        null,
        null,
        1,
        4,
        4,
        null,
        null,
        1,
        3,
        3,
        3,
        null,
        null,
        1,
        4,
        4,
        4,
        null,
        null,
        1,
        1,
        null,
        null,
        null,
        null,
        1,
        1,
        null,
        null,
        1,
        1,
        1,
        1,
        null,
        null,
        1,
        null,
        1,
        null,
        null,
        null
      ],
      "/Users/chrisyoung/Projects/hecks/lib/adapters/resource_server/methods.rb": [
        null,
        1,
        1,
        1,
        1,
        null,
        1,
        1,
        1,
        1,
        1,
        null,
        1,
        4,
        4,
        4,
        4,
        null,
        null,
        null,
        null,
        null
      ],
      "/Users/chrisyoung/Projects/hecks/lib/adapters/resource_server/methods/create.rb": [
        null,
        1,
        1,
        1,
        1,
        1,
        1,
        null,
        1,
        4,
        null,
        null,
        1,
        4,
        4,
        4,
        4,
        4,
        null,
        null,
        1,
        4,
        4,
        null,
        null,
        1,
        null,
        1,
        null,
        1,
        4,
        null,
        null,
        1,
        4,
        null,
        null,
        null,
        null,
        null,
        null,
        1,
        4,
        null,
        null,
        null,
        null,
        null,
        null
      ],
      "/Users/chrisyoung/Projects/hecks/lib/adapters/resource_server/methods/read.rb": [
        null,
        1,
        1,
        1,
        1,
        1,
        1,
        1,
        4,
        null,
        null,
        1,
        3,
        3,
        3,
        3,
        3,
        null,
        null,
        1,
        3,
        2,
        null,
        null,
        1,
        null,
        1,
        null,
        1,
        3,
        null,
        null,
        1,
        3,
        null,
        null,
        null,
        null,
        null,
        null,
        null,
        null,
        null,
        null
      ],
      "/Users/chrisyoung/Projects/hecks/lib/adapters/resource_server/methods/update.rb": [
        null,
        1,
        1,
        1,
        1,
        1,
        1,
        null,
        1,
        4,
        null,
        null,
        1,
        1,
        1,
        1,
        1,
        1,
        1,
        null,
        null,
        1,
        1,
        1,
        null,
        null,
        1,
        null,
        1,
        null,
        1,
        1,
        null,
        null,
        1,
        1,
        null,
        null,
        null,
        null,
        null,
        null,
        1,
        1,
        null,
        null,
        null,
        null,
        null,
        null
      ],
      "/Users/chrisyoung/Projects/hecks/lib/adapters/resource_server/methods/delete.rb": [
        null,
        1,
        1,
        1,
        1,
        1,
        1,
        null,
        1,
        4,
        null,
        null,
        1,
        1,
        1,
        1,
        1,
        1,
        null,
        null,
        1,
        1,
        0,
        null,
        null,
        1,
        null,
        1,
        null,
        1,
        1,
        null,
        null,
        1,
        1,
        null,
        null,
        null,
        null,
        null,
        null,
        null,
        null,
        null,
        null
      ],
      "/Users/chrisyoung/Projects/hecks/lib/adapters/sql_database/sql_database.rb": [
        1,
        1,
        1,
        1,
        1,
        1,
        1,
        1,
        null,
        1,
        1,
        null,
        null,
        1,
        1,
        1,
        1,
        8,
        null,
        null,
        1,
        8,
        null,
        null,
        null,
        null
      ],
      "/Users/chrisyoung/Projects/hecks/lib/adapters/sql_database/column.rb": [
        1,
        1,
        1,
        1,
        1,
        1,
        null,
        null,
        null,
        null,
        null,
        1,
        103,
        103,
        103,
        103,
        103,
        null,
        null,
        1,
        94,
        null,
        null,
        null,
        null,
        null,
        null,
        null,
        null,
        1,
        14,
        null,
        null,
        1,
        12,
        null,
        null,
        1,
        66,
        null,
        null,
        1,
        60,
        null,
        null,
        1,
        24,
        12,
        null,
        null,
        1,
        104,
        null,
        null,
        1,
        0,
        null,
        null,
        null,
        null,
        null,
        null,
        null,
        null,
        null,
        1,
        35,
        12,
        12,
        null,
        null,
        1,
        15,
        null,
        null,
        null,
        null,
        null
      ],
      "/Users/chrisyoung/Projects/hecks/lib/adapters/sql_database/join_table.rb": [
        1,
        1,
        1,
        1,
        1,
        17,
        17,
        null,
        null,
        1,
        14,
        null,
        null,
        1,
        1,
        2,
        null,
        null,
        null,
        null,
        null,
        null
      ],
      "/Users/chrisyoung/Projects/hecks/lib/adapters/sql_database/schema_factory.rb": [
        1,
        1,
        1,
        1,
        1,
        5,
        5,
        5,
        null,
        null,
        1,
        5,
        17,
        17,
        17,
        null,
        null,
        5,
        null,
        null,
        1,
        null,
        1,
        5,
        null,
        null,
        1,
        17,
        6,
        null,
        null,
        null,
        1,
        17,
        6,
        null,
        null,
        null,
        1,
        17,
        12,
        35,
        null,
        null,
        null,
        null,
        1,
        6,
        null,
        null,
        1,
        6,
        null,
        null,
        null,
        null,
        null
      ],
      "/Users/chrisyoung/Projects/hecks/lib/adapters/sql_database/schema.rb": [
        1,
        1,
        1,
        1,
        null,
        1,
        1,
        1,
        1,
        1,
        1,
        5,
        null,
        null,
        1,
        5,
        null,
        null,
        1,
        15,
        null,
        null,
        null,
        null,
        null
      ],
      "/Users/chrisyoung/Projects/hecks/lib/adapters/sql_database/table.rb": [
        1,
        1,
        1,
        1,
        1,
        null,
        1,
        16,
        28,
        null,
        null,
        71,
        null,
        null,
        null,
        null,
        null,
        1,
        28,
        28,
        null,
        null,
        1,
        6,
        null,
        null,
        1,
        34,
        null,
        null,
        1,
        34,
        null,
        null,
        1,
        46,
        null,
        null,
        null,
        null,
        null
      ],
      "/Users/chrisyoung/Projects/hecks/lib/adapters/sql_database/repository.rb": [
        1,
        1,
        1,
        1,
        1,
        8,
        8,
        null,
        null,
        1,
        3,
        null,
        null,
        1,
        1,
        null,
        null,
        1,
        null,
        null,
        null,
        null,
        3,
        null,
        null,
        1,
        1,
        null,
        null,
        1,
        null,
        1,
        3,
        null,
        null,
        null,
        null,
        null
      ],
      "/Users/chrisyoung/Projects/hecks/lib/adapters/sql_database/commands/commands.rb": [
        1,
        1,
        1,
        1
      ],
      "/Users/chrisyoung/Projects/hecks/lib/adapters/sql_database/commands/create.rb": [
        1,
        1,
        null,
        1,
        1,
        1,
        1,
        1,
        1,
        null,
        1,
        3,
        3,
        3,
        3,
        3,
        null,
        null,
        1,
        3,
        3,
        3,
        3,
        null,
        3,
        null,
        null,
        1,
        null,
        1,
        3,
        null,
        null,
        null,
        null,
        null,
        null,
        1,
        3,
        6,
        3,
        3,
        null,
        null,
        3,
        null,
        null,
        1,
        null,
        null,
        null,
        null,
        3,
        null,
        null,
        null,
        null,
        null,
        null
      ],
      "/Users/chrisyoung/Projects/hecks/lib/adapters/sql_database/commands/create/find_or_create_references.rb": [
        1,
        1,
        1,
        1,
        1,
        1,
        1,
        null,
        1,
        3,
        3,
        3,
        null,
        null,
        1,
        3,
        3,
        3,
        null,
        null,
        1,
        null,
        1,
        3,
        6,
        3,
        3,
        3,
        null,
        3,
        0,
        null,
        null,
        null,
        1,
        3,
        3,
        3,
        3,
        3,
        null,
        3,
        3,
        null,
        3,
        0,
        null,
        null,
        null,
        null,
        null,
        null,
        null,
        null,
        null
      ],
      "/Users/chrisyoung/Projects/hecks/lib/adapters/sql_database/commands/create/add_to_join_tables.rb": [
        1,
        1,
        1,
        1,
        1,
        1,
        1,
        1,
        3,
        3,
        3,
        3,
        null,
        null,
        1,
        3,
        6,
        6,
        null,
        6,
        null,
        3,
        3,
        null,
        null,
        3,
        null,
        null,
        1,
        null,
        1,
        3,
        null,
        null,
        null,
        null,
        null,
        null,
        null
      ],
      "/Users/chrisyoung/Projects/hecks/lib/adapters/sql_database/commands/read.rb": [
        1,
        1,
        1,
        1,
        1,
        1,
        1,
        null,
        1,
        3,
        3,
        3,
        3,
        null,
        null,
        1,
        3,
        3,
        2,
        null,
        null,
        null,
        null,
        1,
        null,
        1,
        3,
        null,
        null,
        null,
        null,
        null,
        null
      ],
      "/Users/chrisyoung/Projects/hecks/lib/adapters/sql_database/commands/read/fetch_references.rb": [
        1,
        1,
        1,
        1,
        1,
        1,
        1,
        1,
        2,
        2,
        2,
        2,
        2,
        null,
        null,
        1,
        2,
        4,
        4,
        null,
        2,
        null,
        null,
        1,
        null,
        1,
        4,
        2,
        2,
        null,
        2,
        2,
        2,
        null,
        null,
        1,
        4,
        null,
        2,
        2,
        2,
        null,
        2,
        null,
        2,
        2,
        2,
        2,
        null,
        null,
        null,
        null,
        null,
        null,
        null,
        null
      ],
      "/Users/chrisyoung/Projects/hecks/lib/adapters/sql_database/commands/update.rb": [
        1,
        1,
        1,
        1,
        null,
        1,
        1,
        1,
        1,
        1,
        1,
        null,
        1,
        1,
        1,
        1,
        1,
        null,
        null,
        1,
        1,
        1,
        1,
        1,
        null,
        1,
        null,
        null,
        1,
        null,
        1,
        1,
        null,
        null,
        1,
        1,
        null,
        null,
        1,
        1,
        null,
        null,
        null,
        null,
        null,
        null
      ],
      "/Users/chrisyoung/Projects/hecks/lib/adapters/sql_database/commands/update/update_values.rb": [
        1,
        1,
        1,
        1,
        1,
        1,
        1,
        1,
        1,
        1,
        1,
        1,
        null,
        null,
        1,
        1,
        2,
        2,
        2,
        null,
        null,
        null,
        1,
        null,
        1,
        2,
        null,
        null,
        null,
        null,
        null,
        null,
        1,
        2,
        null,
        null,
        null,
        null,
        null,
        null,
        1,
        null,
        null,
        null,
        null,
        null,
        null,
        2,
        null,
        null,
        null,
        null,
        null,
        null,
        null
      ],
      "/Users/chrisyoung/Projects/hecks/lib/adapters/sql_database/commands/update/link_to_references.rb": [
        1,
        1,
        1,
        1,
        1,
        1,
        1,
        1,
        2,
        2,
        2,
        2,
        2,
        2,
        2,
        null,
        null,
        1,
        2,
        2,
        2,
        null,
        null,
        1,
        null,
        1,
        2,
        1,
        1,
        1,
        1,
        null,
        null,
        null,
        1,
        2,
        1,
        null,
        null,
        null,
        null,
        null,
        null,
        null
      ],
      "/Users/chrisyoung/Projects/hecks/lib/adapters/sql_database/commands/update/create_new_value.rb": [
        1,
        1,
        1,
        1,
        1,
        1,
        1,
        null,
        1,
        2,
        2,
        2,
        2,
        2,
        null,
        null,
        1,
        2,
        2,
        2,
        null,
        null,
        1,
        null,
        1,
        2,
        1,
        1,
        1,
        null,
        null,
        null,
        1,
        2,
        1,
        null,
        null,
        null,
        null,
        null,
        null,
        null
      ],
      "/Users/chrisyoung/Projects/hecks/lib/adapters/sql_database/commands/update/delete_references.rb": [
        1,
        1,
        1,
        1,
        1,
        1,
        1,
        null,
        1,
        2,
        2,
        2,
        2,
        2,
        null,
        null,
        1,
        null,
        2,
        2,
        2,
        null,
        null,
        1,
        null,
        1,
        0,
        null,
        null,
        1,
        2,
        null,
        null,
        1,
        2,
        1,
        null,
        null,
        null,
        null,
        null,
        null,
        null
      ],
      "/Users/chrisyoung/Projects/hecks/lib/adapters/sql_database/commands/delete.rb": [
        1,
        1,
        1,
        1,
        1,
        1,
        1,
        1,
        null,
        null,
        1,
        1,
        1,
        1,
        null,
        null,
        null,
        null,
        null,
        null
      ],
      "/Users/chrisyoung/Projects/hecks/lib/adapters/events/events.rb": [
        null,
        1,
        1,
        1,
        1,
        15,
        null,
        null,
        1,
        22,
        22,
        22,
        8,
        8,
        null,
        null,
        null,
        1,
        null,
        1,
        null,
        1,
        16,
        null,
        null,
        null,
        null
      ],
      "/Users/chrisyoung/Projects/hecks/lib/adapters/logger/logger.rb": [
        null,
        1,
        1,
        1,
        1,
        6,
        null,
        null,
        1,
        8,
        null,
        null,
        1,
        8,
        null,
        null,
        null,
        null
      ],
      "/Users/chrisyoung/Projects/hecks/lib/adapters/validator/validator.rb": [
        1,
        1,
        1,
        1,
        null,
        1,
        20,
        20,
        20,
        null,
        null,
        1,
        20,
        20,
        null,
        null,
        1,
        null,
        1,
        null,
        1,
        20,
        3,
        3,
        null,
        null,
        null,
        1,
        20,
        null,
        null,
        null,
        null
      ],
      "/Users/chrisyoung/Projects/hecks/lib/cli/cli.rb": [
        null,
        1,
        1,
        1,
        1,
        1,
        1,
        1,
        null,
        1,
        1,
        1,
        null,
        1,
        1,
        null,
        1,
        1,
        null,
        1,
        1,
        null,
        1,
        1,
        null,
        1,
        null,
        null
      ],
      "/Users/chrisyoung/Projects/hecks/lib/cli/generate.rb": [
        null,
        1,
        1,
        null,
        null,
        null,
        null,
        null,
        1,
        null,
        null,
        null,
        null,
        1,
        null,
        1,
        null,
        null,
        null,
        1,
        null,
        1,
        null,
        null,
        null,
        1,
        null,
        1,
        1,
        null,
        null,
        null,
        null,
        1,
        null
      ],
      "/Users/chrisyoung/Projects/hecks/lib/cli/package.rb": [
        1,
        1,
        1,
        null,
        null,
        null,
        null,
        1,
        1,
        null,
        null,
        null,
        null
      ],
      "/Users/chrisyoung/Projects/hecks/lib/cli/test.rb": [
        1,
        1,
        null,
        1,
        null,
        1,
        1,
        0,
        0,
        0,
        null,
        null,
        1,
        1,
        0,
        0,
        null,
        null,
        1,
        1,
        0,
        0,
        null,
        null,
        1,
        1,
        0,
        0,
        null,
        null,
        1,
        null,
        1,
        0,
        null,
        null,
        1,
        0,
        0,
        0,
        null,
        null,
        1,
        0,
        null,
        null,
        1,
        0,
        null,
        null,
        1,
        0,
        0,
        0,
        null,
        null
      ],
      "/Users/chrisyoung/Projects/hecks/lib/cli/console.rb": [
        1,
        1,
        1,
        1,
        0,
        null,
        null,
        null
      ],
      "/Users/chrisyoung/Projects/hecks/lib/cli/command_runner.rb": [
        null,
        1,
        1,
        1,
        1,
        1,
        null,
        null,
        1,
        0,
        0,
        0,
        null,
        0,
        0,
        null,
        null,
        1,
        null,
        1,
        null,
        1,
        0,
        null,
        null
      ],
      "/Users/chrisyoung/Projects/hecks/lib/cli/build.rb": [
        1,
        1,
        1,
        null,
        1,
        null,
        1,
        0,
        0,
        0,
        null,
        null,
        null
      ],
      "/Users/chrisyoung/Projects/hecks/spec/sinatra_helper.rb": [
        1,
        1,
        null,
        null,
        1,
        1,
        1,
        null,
        1,
        4,
        null,
        null,
        4,
        null,
        null,
        null,
        2
      ],
      "/Users/chrisyoung/Projects/hecks/spec/integration/pizza_builder_spec.rb": [
        1,
        1,
        1,
        1,
        null,
        null,
        null,
        null,
        1,
        1,
        1,
        1,
        1,
        null,
        null,
        1,
        null,
        null,
        null,
        null,
        null,
        1,
        null,
        null,
        1,
        null,
        null,
        null,
        1,
        null,
        null,
        null
      ],
      "/Users/chrisyoung/Projects/hecks/spec/lib/adapters/application/application_spec.rb": [
        null,
        1,
        1,
        null,
        null,
        null,
        null,
        null,
        6,
        null,
        null,
        7,
        null,
        1,
        6,
        null,
        null,
        null,
        null,
        null,
        null,
        1,
        1,
        1,
        1,
        null,
        null,
        null,
        1,
        1,
        1,
        1,
        null,
        null,
        null,
        1,
        1,
        1,
        1,
        1,
        null,
        null,
        null,
        1,
        1,
        1,
        1,
        1,
        null,
        null,
        null,
        1,
        1,
        1,
        null,
        null,
        null,
        null,
        null,
        1,
        null,
        null,
        null,
        null,
        null,
        null,
        null,
        null,
        1,
        1,
        null,
        null,
        null,
        null,
        1,
        null,
        null,
        null
      ],
      "/Users/chrisyoung/Projects/hecks/spec/lib/adapters/application/commands/create_spec.rb": [
        1,
        1,
        1,
        1,
        3,
        null,
        null,
        null,
        null,
        null,
        null,
        1,
        null,
        null,
        null,
        null,
        null,
        3,
        null,
        null,
        1,
        1,
        1,
        null,
        null,
        null,
        1,
        1,
        1,
        null,
        null,
        null,
        1,
        1,
        1,
        1,
        null,
        null,
        null,
        null
      ],
      "/Users/chrisyoung/Projects/hecks/spec/lib/adapters/memory_database/memory_database_spec.rb": [
        1,
        2,
        null,
        1,
        1,
        null,
        null,
        1,
        null,
        null,
        null,
        null,
        null,
        1,
        null,
        null,
        null,
        1,
        1,
        null,
        null,
        null,
        null,
        1,
        1,
        null,
        null
      ],
      "/Users/chrisyoung/Projects/hecks/spec/lib/adapters/resource_server/resource_server_spec.rb": [
        1,
        4,
        5,
        null,
        1,
        1,
        1,
        1,
        1,
        null,
        null,
        1,
        1,
        1,
        null,
        null,
        1,
        1,
        1,
        1,
        1,
        null,
        null,
        1,
        1,
        1,
        1,
        1,
        null,
        null,
        1,
        null,
        1,
        null,
        null,
        null,
        null,
        null,
        5,
        null,
        null
      ],
      "/Users/chrisyoung/Projects/hecks/spec/lib/adapters/sql_database/column_spec.rb": [
        1,
        1,
        1,
        null,
        null
      ],
      "/Users/chrisyoung/Projects/hecks/spec/lib/adapters/sql_database/schema_spec.rb": [
        1,
        1,
        1,
        4,
        4,
        4,
        4,
        null,
        null,
        4,
        4,
        null,
        null,
        null,
        null,
        1,
        4,
        null,
        null,
        1,
        1,
        1,
        null,
        null,
        null,
        1,
        1,
        null,
        null,
        1,
        1,
        1,
        null,
        null,
        1,
        1,
        null,
        null,
        null,
        null
      ],
      "/Users/chrisyoung/Projects/hecks/spec/lib/adapters/sql_database/sql_database_spec.rb": [
        1,
        1,
        null,
        null,
        null,
        null,
        null,
        3,
        null,
        null,
        1,
        1,
        null,
        null,
        1,
        1,
        1,
        3,
        null,
        null,
        null,
        null,
        null,
        1,
        1,
        1,
        null,
        null,
        1,
        1,
        1,
        1,
        null,
        null,
        1,
        1,
        1,
        1,
        null,
        null,
        null,
        null
      ],
      "/Users/chrisyoung/Projects/hecks/spec/lib/adapters/validator/validator_spec.rb": [
        1,
        1,
        null,
        null,
        null,
        1,
        null,
        null,
        1,
        1,
        null,
        null,
        null,
        null,
        null,
        null,
        2,
        null,
        1,
        1,
        null,
        null
      ],
      "/Users/chrisyoung/Projects/hecks/spec/lib/domain/adapters/sql_database/cli/generate_domain_migrations/migration_builder_spec.rb": [
        1,
        null,
        1,
        2,
        null,
        1,
        1,
        1,
        null,
        null
      ],
      "/Users/chrisyoung/Projects/hecks/spec/lib/domain/cli/builder/aggregate_command_line_builder_spec.rb": [
        1,
        null,
        1,
        1,
        null,
        null,
        1,
        1,
        null,
        null,
        1,
        1,
        null,
        null,
        1,
        1,
        1,
        1,
        null,
        null
      ],
      "/Users/chrisyoung/Projects/hecks/spec/lib/domain/cli/builder/reference_command_line_builder_spec.rb": [
        1,
        1,
        1,
        null,
        null,
        1,
        1,
        null,
        null,
        1,
        1,
        1,
        null,
        null
      ],
      "/Users/chrisyoung/Projects/hecks/spec/lib/domain/cli/builder/value_object_command_line_builder_spec.rb": [
        1,
        1,
        1,
        1,
        null,
        null,
        1,
        1,
        null,
        null,
        1,
        1,
        null,
        null,
        1,
        1,
        1,
        1,
        1,
        null,
        null
      ],
      "/Users/chrisyoung/Projects/hecks/spec/lib/domain/cli/builder_spec.rb": [
        1,
        2,
        1,
        1,
        null,
        null,
        1,
        1,
        null,
        null
      ],
      "/Users/chrisyoung/Projects/hecks/spec/lib/domain/cli/generate_domain_object/assignment_template_spec.rb": [
        1,
        1,
        1,
        null,
        null,
        1,
        1,
        null,
        null,
        1,
        1,
        null,
        null
      ],
      "/Users/chrisyoung/Projects/hecks/spec/lib/domain/cli/generate_domain_object/option_formatter_spec.rb": [
        1,
        5,
        null,
        1,
        1,
        1,
        1,
        null,
        null,
        1,
        1,
        null,
        null,
        1,
        1,
        null,
        null,
        null,
        1,
        1,
        null,
        null,
        null
      ],
      "/Users/chrisyoung/Projects/hecks/spec/lib/domain/domain_builder/attribute_spec.rb": [
        1,
        12,
        10,
        2,
        8,
        null,
        1,
        6,
        null,
        null,
        1,
        1,
        1,
        1,
        null,
        null,
        1,
        1,
        1,
        null,
        null,
        1,
        1,
        1,
        null,
        null,
        1,
        1,
        1,
        null,
        null,
        null,
        1,
        2,
        2,
        2,
        2,
        null,
        null,
        1,
        2,
        2,
        2,
        2,
        null,
        null,
        1,
        2,
        2,
        2,
        2,
        null,
        null,
        1,
        2,
        2,
        2,
        2,
        null,
        null,
        1,
        2,
        2,
        2,
        2,
        null,
        null,
        1,
        2,
        2,
        2,
        2,
        null,
        null,
        1,
        1,
        1,
        1,
        1,
        1,
        null,
        null,
        null,
        1,
        1,
        1,
        null,
        null,
        1,
        1,
        null,
        null,
        null
      ],
      "/Users/chrisyoung/Projects/hecks/spec/lib/domain/domain_builder/domain_builder_spec.rb": [
        1,
        1,
        2,
        2,
        2,
        2,
        null,
        null,
        null,
        null,
        1,
        1,
        1,
        null,
        null,
        null,
        1,
        1,
        1,
        null,
        null,
        null,
        1,
        2,
        2,
        2,
        null,
        null
      ],
      "/Users/chrisyoung/Projects/hecks/spec/lib/domain/domain_builder/domain_module_spec.rb": [
        1,
        1,
        4,
        null,
        null,
        1,
        1,
        1,
        1,
        null,
        null,
        null,
        1,
        1,
        1,
        1,
        null,
        null,
        null,
        1,
        1,
        1,
        null,
        null,
        null,
        1,
        1,
        1,
        1,
        1,
        null,
        null,
        null
      ],
      "/Users/chrisyoung/Projects/hecks/spec/lib/domain/domain_builder/domain_object_spec.rb": [
        1,
        7,
        null,
        1,
        1,
        null,
        null,
        1,
        1,
        1,
        null,
        null,
        null,
        1,
        1,
        1,
        1,
        null,
        null,
        null,
        1,
        1,
        1,
        1,
        null,
        null,
        null,
        1,
        1,
        1,
        1,
        null,
        null,
        null,
        1,
        1,
        1,
        1,
        null,
        null,
        1,
        1,
        1,
        null,
        null,
        null
      ],
      "/Users/chrisyoung/Projects/hecks/spec/lib/domain/domain_builder/domain_spec.rb": [
        1,
        3,
        1,
        1,
        1,
        1,
        null,
        1,
        null,
        null,
        null,
        1,
        1,
        1,
        null,
        null,
        null,
        null
      ],
      "/Users/chrisyoung/Projects/hecks/spec/lib/domain/domain_builder/head_spec.rb": [
        1,
        1,
        1,
        null,
        null
      ],
      "/Users/chrisyoung/Projects/hecks/spec/lib/domain/domain_builder/reference_spec.rb": [
        1,
        3,
        null,
        1,
        1,
        null,
        null,
        1,
        1,
        null,
        null
      ],
      "/Users/chrisyoung/Projects/hecks/spec/lib/domain/domain_builder/value_spec.rb": [
        1,
        1,
        1,
        null,
        null
      ]
    },
    "timestamp": 1489198836
  }
}
